{"C:\\Users\\Youmari\\Desktop\\Js-capstone-project\\src\\js\\itemsCounter.js": {"path":"C:\\Users\\Youmari\\Desktop\\Js-capstone-project\\src\\js\\itemsCounter.js","statementMap":{"0":{"start":{"line":1,"column":28},"end":{"line":1,"column":49}},"1":{"start":{"line":1,"column":38},"end":{"line":1,"column":49}},"2":{"start":{"line":3,"column":29},"end":{"line":7,"column":1}},"3":{"start":{"line":4,"column":21},"end":{"line":4,"column":60}},"4":{"start":{"line":5,"column":18},"end":{"line":5,"column":36}},"5":{"start":{"line":6,"column":2},"end":{"line":6,"column":49}}},"fnMap":{"0":{"name":"(anonymous_0)","decl":{"start":{"line":1,"column":28},"end":{"line":1,"column":29}},"loc":{"start":{"line":1,"column":38},"end":{"line":1,"column":49}},"line":1},"1":{"name":"(anonymous_1)","decl":{"start":{"line":3,"column":29},"end":{"line":3,"column":30}},"loc":{"start":{"line":3,"column":39},"end":{"line":7,"column":1}},"line":3}},"branchMap":{},"s":{"0":1,"1":1,"2":1,"3":0,"4":0,"5":0},"f":{"0":1,"1":0},"b":{},"_coverageSchema":"1a1c01bbd47fc00a2c39e90264f33305004495a9","hash":"9e3dda5a29655306f582a273814c6c693549b377"}
}
